proguard/seeds.txt
cn.domob.android.ads.DomobActivity
cn.domob.android.ads.DomobAdManager$ErrorCode: cn.domob.android.ads.DomobAdManager$ErrorCode[] values()
cn.domob.android.ads.DomobAdManager$ErrorCode: cn.domob.android.ads.DomobAdManager$ErrorCode valueOf(java.lang.String)
cn.domob.android.ads.DomobAdView
cn.domob.android.ads.DomobAdView: DomobAdView(android.content.Context,android.util.AttributeSet)
cn.domob.android.ads.DomobAdView$a: cn.domob.android.ads.DomobAdView$a[] values()
cn.domob.android.ads.DomobAdView$a: cn.domob.android.ads.DomobAdView$a valueOf(java.lang.String)
cn.domob.android.ads.DomobInterstitialAd$BorderType: cn.domob.android.ads.DomobInterstitialAd$BorderType[] values()
cn.domob.android.ads.DomobInterstitialAd$BorderType: cn.domob.android.ads.DomobInterstitialAd$BorderType valueOf(java.lang.String)
cn.domob.android.ads.ac$b: cn.domob.android.ads.ac$b[] values()
cn.domob.android.ads.ac$b: cn.domob.android.ads.ac$b valueOf(java.lang.String)
cn.domob.android.ads.ac$d: cn.domob.android.ads.ac$d[] values()
cn.domob.android.ads.ac$d: cn.domob.android.ads.ac$d valueOf(java.lang.String)
cn.domob.android.ads.ac$k: cn.domob.android.ads.ac$k[] values()
cn.domob.android.ads.ac$k: cn.domob.android.ads.ac$k valueOf(java.lang.String)
cn.domob.android.ads.ac$l: cn.domob.android.ads.ac$l[] values()
cn.domob.android.ads.ac$l: cn.domob.android.ads.ac$l valueOf(java.lang.String)
cn.domob.android.ads.af$a: cn.domob.android.ads.af$a[] values()
cn.domob.android.ads.af$a: cn.domob.android.ads.af$a valueOf(java.lang.String)
cn.domob.android.ads.h
cn.domob.android.ads.i$a: cn.domob.android.ads.i$a[] values()
cn.domob.android.ads.i$a: cn.domob.android.ads.i$a valueOf(java.lang.String)
cn.domob.android.ads.i$c: cn.domob.android.ads.i$c[] values()
cn.domob.android.ads.i$c: cn.domob.android.ads.i$c valueOf(java.lang.String)
cn.domob.android.ads.z$h: cn.domob.android.ads.z$h[] values()
cn.domob.android.ads.z$h: cn.domob.android.ads.z$h valueOf(java.lang.String)
com.david.basiscloan.activity.BasisCloanResultActivity
com.david.basiscloan.activity.BasisCloanResultActivity: BasisCloanResultActivity()
com.david.basiscloan.activity.BasisCloanSetActivity
com.david.basiscloan.activity.BasisCloanSetActivity: BasisCloanSetActivity()
com.david.basiscloan.activity.CloanCalculatorActivity
com.david.basiscloan.activity.CloanCalculatorActivity: CloanCalculatorActivity()
com.david.basiscloan.activity.PrepaymentResultActivity
com.david.basiscloan.activity.PrepaymentResultActivity: PrepaymentResultActivity()
com.david.basiscloan.activity.PrepaymentSetActivity
com.david.basiscloan.activity.PrepaymentSetActivity: PrepaymentSetActivity()