proguard/mapping.txt
com.david.cloancalculator.util.BaseDataEntity -> com.david.a.a.a:
    java.util.Hashtable paramList -> b
    com.david.cloancalculator.util.Utils utils -> a
    java.lang.Object GetParamValue(java.lang.String) -> b
    void SetParamValue(java.lang.String,java.lang.Object) -> a
    void spsv(java.lang.String,java.lang.String) -> a
    void spdv(java.lang.String,double) -> a
    java.lang.String gpsv(java.lang.String) -> a
    java.lang.String GetParamStringValue(java.lang.String,java.lang.String) -> b
    java.util.Date GetParamDateValue$2833b24d(java.lang.String,java.lang.String) -> c
com.david.cloancalculator.util.StringHelper -> com.david.a.a.b:
    boolean IsNullOrEmpty(java.lang.String) -> a
    java.lang.String getValue(java.lang.Object) -> a
com.david.cloancalculator.util.Utils -> com.david.a.a.c:
    double round(double,int) -> a
    double diffDate(java.lang.String,java.lang.String,java.lang.String) -> a
...
cn.domob.android.ads.af -> cn.domob.android.ads.bu:
    cn.domob.android.ads.J a -> a
    android.view.animation.AnimationSet[] b -> b
    android.view.animation.AnimationSet[] c -> c
    android.view.animation.AnimationSet[] d -> d
    android.view.animation.AnimationSet[] e -> e
    android.view.animation.AnimationSet[] f -> f
    android.view.animation.AnimationSet[] a(cn.domob.android.ads.af$a) -> a
cn.domob.android.ads.af$1 -> cn.domob.android.ads.bv:
    int[] a -> a
cn.domob.android.ads.af$a -> cn.domob.android.ads.bw:
    cn.domob.android.ads.af$a a -> a
    cn.domob.android.ads.af$a b -> b
    cn.domob.android.ads.af$a c -> c
    cn.domob.android.ads.af$a d -> d
    cn.domob.android.ads.af$a e -> e
    cn.domob.android.ads.af$a[] f -> f
    cn.domob.android.ads.af$a[] values() -> values
    cn.domob.android.ads.af$a valueOf(java.lang.String) -> valueOf
cn.domob.android.ads.b -> cn.domob.android.ads.bx:
    cn.domob.android.ads.J f -> f
    android.content.Context a -> a
    cn.domob.android.ads.c b -> b
    cn.domob.android.ads.c c -> c
    cn.domob.android.ads.y$a d -> d
    cn.domob.android.ads.b$a e -> e
    cn.domob.android.ads.c a() -> a
    cn.domob.android.ads.c b() -> b
    void c() -> c
    void a(cn.domob.android.ads.b$a) -> a
    void e() -> d
cn.domob.android.ads.b$a -> cn.domob.android.ads.by:
    void a() -> a
    void b() -> b
cn.domob.android.ads.c -> cn.domob.android.ads.bz:
    cn.domob.android.ads.J e -> a
    cn.domob.android.ads.c$a a -> b
    cn.domob.android.ads.c$b b -> c
    cn.domob.android.ads.b c -> d
    int f -> e
    boolean g -> f
    boolean h -> g
    boolean i -> h
    boolean j -> i
    void a(java.lang.String) -> a
    void a(int) -> a
    void a(cn.domob.android.ads.c$a) -> a
    void a(cn.domob.android.ads.c$b) -> a
    void a(java.lang.String,java.lang.String) -> b
    void loadUrl(java.lang.String) -> loadUrl
    void loadData(java.lang.String,java.lang.String,java.lang.String) -> loadData
    void loadDataWithBaseURL(java.lang.String,java.lang.String,java.lang.String,java.lang.String,java.lang.String) -> loadDataWithBaseURL
    java.lang.String a(java.lang.String,java.lang.String[]) -> a
    java.lang.String b(java.lang.String) -> b
    cn.domob.android.ads.b a() -> h
    cn.domob.android.ads.J b() -> i
    boolean a(cn.domob.android.ads.c) -> a
    void b(cn.domob.android.ads.c) -> b
    boolean a$9710046(cn.domob.android.ads.c) -> c
    void c(cn.domob.android.ads.c) -> d
    boolean b$9710046(cn.domob.android.ads.c) -> e
    int d(cn.domob.android.ads.c) -> f
    boolean e(cn.domob.android.ads.c) -> g
    void f(cn.domob.android.ads.c) -> h
    boolean g(cn.domob.android.ads.c) -> i
cn.domob.android.ads.c$1 -> cn.domob.android.ads.ca:
    cn.domob.android.ads.c a -> a
    void onPageStarted(android.webkit.WebView,java.lang.String,android.graphics.Bitmap) -> onPageStarted
    void onPageFinished(android.webkit.WebView,java.lang.String) -> onPageFinished
    void onReceivedError(android.webkit.WebView,int,java.lang.String,java.lang.String) -> onReceivedError
    boolean shouldOverrideUrlLoading(android.webkit.WebView,java.lang.String) -> shouldOverrideUrlLoading
cn.domob.android.ads.c$2 -> cn.domob.android.ads.cb:
    java.lang.String a -> a
    cn.domob.android.ads.c b -> b
    void run() -> run
cn.domob.android.ads.c$3 -> cn.domob.android.ads.cc:
    java.lang.String a -> a
    cn.domob.android.ads.c b -> b
    void a(cn.domob.android.ads.p) -> a
cn.domob.android.ads.c$3$1 -> cn.domob.android.ads.cd:
    java.lang.String a -> a
    cn.domob.android.ads.c$3 b -> b
    void run() -> run
cn.domob.android.ads.c$a -> cn.domob.android.ads.ce:
    void a(cn.domob.android.ads.c,java.lang.String) -> a
cn.domob.android.ads.c$b -> cn.domob.android.ads.cf:
    void a$3a1c7122() -> a
    void b$3a1c7122() -> b
    void c$3a1c7122() -> c