proguard/usage.txt
com.david.cloancalculator.BuildConfig
com.david.cloancalculator.R
com.david.cloancalculator.R$array
com.david.cloancalculator.R$attr
com.david.cloancalculator.R$color
com.david.cloancalculator.R$drawable
com.david.cloancalculator.R$id
com.david.cloancalculator.R$layout
com.david.cloancalculator.R$string
com.david.cloancalculator.R$style
com.david.cloancalculator.R$styleable
com.david.cloancalculator.util.BaseDataEntities
com.david.cloancalculator.util.BaseDataEntity:
    41:45:public void Reset()
    53:53:protected void OnReset()
    65:80:public boolean FromMap(java.util.Map,boolean)
    85:85:protected boolean OnFromMap(java.util.Map)
    90:100:public void FillMap(java.util.Map)
    109:110:public static com.david.cloancalculator.util.BaseDataEntity FromJSONString(java.lang.String)
    120:149:public static com.david.cloancalculator.util.BaseDataEntity FromJSONObject(net.sf.json.JSONObject)
    161:161:public java.lang.Object gpov(java.lang.String)
    165:168:public com.david.cloancalculator.util.BaseDataEntity gpde(java.lang.String)
    172:175:public com.david.cloancalculator.util.BaseDataEntities gpdes(java.lang.String)
    179:182:public java.sql.ResultSet gprs(java.lang.String)
    214:214:public java.lang.Object get(java.lang.String)
    225:226:public void spov(java.lang.String,java.lang.Object)
    252:253:public void spiv(java.lang.String,int)
    256:257:public void SetParamValue(java.lang.String,int)
    260:261:public void spbv(java.lang.String,boolean)
    264:265:public void SetParamValue(java.lang.String,boolean)
    284:285:public void splv(java.lang.String,long)
    288:289:public void SetParamValue(java.lang.String,long)
    292:292:public int gpiv(java.lang.String)
    296:296:public int gpiv(java.lang.String,int)
    300:300:public int[] gpivs(java.lang.String)
    304:316:public int[] GetParamIntValues(java.lang.String)
com.david.cloancalculator.util.StringHelper:
    12:15:public StringHelper()
    19:19:public static java.lang.String Format(java.lang.String)
    24:24:public static java.lang.String Format(java.lang.String,java.lang.Object)
    29:29:public static java.lang.String Format(java.lang.String,java.lang.Object,java.lang.Object)
    34:34:public static java.lang.String Format(java.lang.String,java.lang.Object,java.lang.Object,java.lang.Object)
    39:39:public static java.lang.String Format(java.lang.String,java.lang.Object,java.lang.Object,java.lang.Object,java.lang.Object)
    44:44:public static java.lang.String Format(java.lang.String,java.lang.Object,java.lang.Object,java.lang.Object,java.lang.Object,java.lang.Object)
    49:49:public static java.lang.String Format(java.lang.String,java.lang.Object,java.lang.Object,java.lang.Object,java.lang.Object,java.lang.Object,java.lang.Object)
    54:54:public static java.lang.String Format(java.lang.String,java.lang.Object,java.lang.Object,java.lang.Object,java.lang.Object,java.lang.Object,java.lang.Object,java.lang.Object)
    59:59:public static java.lang.String Format(java.lang.String,java.lang.Object,java.lang.Object,java.lang.Object,java.lang.Object,java.lang.Object,java.lang.Object,java.lang.Object,java.lang.Object)
com.david.cloancalculator.util.Utils:
    public static final java.lang.String TAG_RETDATA
    public static final java.lang.String TAG_FORM
    public static final int YEAR
    public static final int MONTH
    public static final int DATE
...
cn.domob.android.a.a:
    private static final int t
    private static final int z
    private static final int A
    public static final java.lang.String c
    public static final java.lang.String d
    public static final java.lang.String e
    public static final java.lang.String f
    public static final java.lang.String g
    public static final java.lang.String h
    public static final java.lang.String i
    public static final int j
    public static final int k
    134:135:public static void a(java.lang.String,java.lang.String,java.lang.String,android.content.Context,cn.domob.android.a.c)
cn.domob.android.a.e:
    private static final java.lang.String b
    private static final java.lang.String c
cn.domob.android.a.f:
    java.lang.String b
    135:135:protected boolean a()
cn.domob.android.a.g:
    private static final int b
    private static final int l
    private static final int m
    private static final int n
cn.domob.android.a.h:
    private static final java.lang.String i
    protected static final java.lang.String c
    static final int d
    static final int e
cn.domob.android.ads.A
cn.domob.android.ads.A$1
cn.domob.android.ads.A$1$1
cn.domob.android.ads.B
cn.domob.android.ads.B$1
cn.domob.android.ads.C
cn.domob.android.ads.D
cn.domob.android.ads.D$1
cn.domob.android.ads.D$a
cn.domob.android.ads.DomobActivity:
    public static final java.lang.String ACTIVITY_TYPE
    public static final int TYPE_NONE
    public static final int TYPE_INSTALL_RECEIVER
    public static final int TYPE_DOWNLOADER
    public static final int TYPE_NOTICE
    public static final int TYPE_EXPAND
    public static final int TYPE_UPLOAD_PIC
    public static final java.lang.String NOTICE_MESSAGE
    public static final java.lang.String EXPAND_URL
    public static final java.lang.String EXPAND_BASE_URL
    public static final java.lang.String EXPAND_CONTENT
    private static final int b
    private static final int c
    private static final int g
    private static final int h
cn.domob.android.ads.DomobAdManager:
    public static final java.lang.String GENDER_MALE
    public static final java.lang.String GENDER_FEMALE
    public static final java.lang.String ACTION_URL
    public static final java.lang.String ACTION_LAUNCH_APP
    public static final java.lang.String ACTION_IN_APP
    public static final java.lang.String ACTION_MAP
    public static final java.lang.String ACTION_SMS
    public static final java.lang.String ACTION_MAIL
    public static final java.lang.String ACTION_MARKET
    public static final java.lang.String ACTION_CALL
    public static final java.lang.String ACTION_VIDEO
    public static final java.lang.String ACTION_AUDIO
    public static final java.lang.String TEST_EMULATOR
    public static final java.lang.String SDK_VER
    14:79:public DomobAdManager()
    92:92:public static void setAllowUseOfLocation(boolean)
    102:103:public static void setPublisherId(java.lang.String)
    113:113:public static java.lang.String getPublisherId(android.content.Context)
    125:125:public static void setPostalCode(java.lang.String)
    135:135:public static java.lang.String getPostalCode()
    147:147:public static void setBirthday(java.util.GregorianCalendar)
    162:164:public static void setBirthday(int,int,int)
    174:174:public static java.util.GregorianCalendar getBirthday()
    192:192:public static void setGender(java.lang.String)
    205:205:public static java.lang.String getGender()